[2026-06-30 15:19:04] dpid=s1 port=2 util=9.940/10.0 Mbps congested=True action=monitor
[2026-06-30 15:19:06] dpid=s1 port=2 util=9.933/10.0 Mbps congested=True action=monitor
[2026-06-30 15:19:08] dpid=s1 port=2 util=9.884/10.0 Mbps congested=True action=monitor
[2026-06-30 15:19:10] dpid=s1 port=2 util=9.801/10.0 Mbps congested=True action=monitor
[2026-06-30 15:19:12] dpid=s1 port=2 util=9.812/10.0 Mbps congested=True action=monitor
[2026-06-30 15:19:14] dpid=s1 port=2 util=9.842/10.0 Mbps congested=True action=monitor
[2026-06-30 15:19:16] dpid=s1 port=2 util=9.875/10.0 Mbps congested=True action=monitor
[2026-06-30 15:19:18] dpid=s1 port=2 util=9.869/10.0 Mbps congested=True action=monitor
[2026-06-30 15:19:20] dpid=s1 port=2 util=9.837/10.0 Mbps congested=True action=monitor
[2026-06-30 15:19:22] dpid=s1 port=2 util=9.829/10.0 Mbps congested=True action=monitor
[2026-06-30 15:19:24] dpid=s1 port=2 util=9.827/10.0 Mbps congested=True action=monitor
[2026-06-30 15:19:26] dpid=s1 port=2 util=9.874/10.0 Mbps congested=True action=monitor
[2026-06-30 15:19:28] dpid=s1 port=2 util=9.879/10.0 Mbps congested=True action=monitor
[2026-06-30 15:19:30] dpid=s1 port=2 util=9.877/10.0 Mbps congested=True action=monitor
[2026-06-30 15:19:32] dpid=s1 port=2 util=9.874/10.0 Mbps congested=True action=monitor
[2026-06-30 15:19:34] dpid=s1 port=2 util=9.875/10.0 Mbps congested=True action=monitor
[2026-06-30 15:19:36] dpid=s1 port=2 util=9.871/10.0 Mbps congested=True action=monitor
[2026-06-30 15:19:38] dpid=s1 port=2 util=9.875/10.0 Mbps congested=True action=monitor
[2026-06-30 15:19:40] dpid=s1 port=2 util=9.877/10.0 Mbps congested=True action=monitor
[2026-06-30 15:19:42] dpid=s1 port=2 util=9.859/10.0 Mbps congested=True action=monitor
[2026-06-30 15:19:44] dpid=s1 port=2 util=9.875/10.0 Mbps congested=True action=monitor
[2026-06-30 15:19:46] dpid=s1 port=2 util=9.874/10.0 Mbps congested=True action=monitor
[2026-06-30 15:19:48] dpid=s1 port=2 util=9.884/10.0 Mbps congested=True action=monitor
[2026-06-30 15:19:50] dpid=s1 port=2 util=9.864/10.0 Mbps congested=True action=monitor
[2026-06-30 15:19:52] dpid=s1 port=2 util=9.886/10.0 Mbps congested=True action=monitor
[2026-06-30 15:19:54] dpid=s1 port=2 util=9.875/10.0 Mbps congested=True action=monitor
[2026-06-30 15:19:56] dpid=s1 port=2 util=9.874/10.0 Mbps congested=True action=monitor
[2026-06-30 15:19:58] dpid=s1 port=2 util=9.878/10.0 Mbps congested=True action=monitor
[2026-06-30 15:20:00] dpid=s1 port=2 util=9.861/10.0 Mbps congested=True action=monitor
[2026-06-30 15:20:02] dpid=s1 port=2 util=9.875/10.0 Mbps congested=True action=monitor
[2026-06-30 15:20:04] dpid=s1 port=2 util=9.877/10.0 Mbps congested=True action=monitor
[2026-06-30 15:20:06] dpid=s1 port=2 util=9.875/10.0 Mbps congested=True action=monitor
[2026-06-30 15:20:08] dpid=s1 port=2 util=9.875/10.0 Mbps congested=True action=monitor
[2026-06-30 15:20:10] dpid=s1 port=2 util=9.871/10.0 Mbps congested=True action=monitor
[2026-06-30 15:20:12] dpid=s1 port=2 util=9.875/10.0 Mbps congested=True action=monitor
[2026-06-30 15:20:14] dpid=s1 port=2 util=9.875/10.0 Mbps congested=True action=monitor
[2026-06-30 15:20:16] dpid=s1 port=2 util=9.883/10.0 Mbps congested=True action=monitor
[2026-06-30 15:20:18] dpid=s1 port=2 util=9.876/10.0 Mbps congested=True action=monitor
[2026-06-30 15:20:20] dpid=s1 port=2 util=9.874/10.0 Mbps congested=True action=monitor
[2026-06-30 15:20:22] dpid=s1 port=2 util=9.871/10.0 Mbps congested=True action=monitor
[2026-06-30 15:20:30] dpid=s1 port=2 util=9.956/10.0 Mbps congested=True action=prioritize_dash
[2026-06-30 15:20:32] dpid=s1 port=2 util=2.222/10.0 Mbps congested=False action=monitor
[2026-06-30 15:20:34] dpid=s1 port=2 util=9.937/10.0 Mbps congested=True action=prioritize_dash
[2026-06-30 15:20:36] dpid=s1 port=2 util=2.319/10.0 Mbps congested=False action=monitor
[2026-06-30 15:20:38] dpid=s1 port=2 util=9.909/10.0 Mbps congested=True action=prioritize_dash
[2026-06-30 15:20:40] dpid=s1 port=2 util=9.967/10.0 Mbps congested=True action=prioritize_dash
[2026-06-30 15:20:42] dpid=s1 port=2 util=9.981/10.0 Mbps congested=True action=prioritize_dash
[2026-06-30 15:20:44] dpid=s1 port=2 util=9.989/10.0 Mbps congested=True action=prioritize_dash
[2026-06-30 15:20:46] dpid=s1 port=2 util=9.976/10.0 Mbps congested=True action=prioritize_dash
[2026-06-30 15:20:48] dpid=s1 port=2 util=9.969/10.0 Mbps congested=True action=prioritize_dash
[2026-06-30 15:20:50] dpid=s1 port=2 util=9.979/10.0 Mbps congested=True action=prioritize_dash
[2026-06-30 15:20:52] dpid=s1 port=2 util=9.986/10.0 Mbps congested=True action=prioritize_dash
[2026-06-30 15:20:54] dpid=s1 port=2 util=9.985/10.0 Mbps congested=True action=prioritize_dash
[2026-06-30 15:20:56] dpid=s1 port=2 util=10.002/10.0 Mbps congested=True action=prioritize_dash
[2026-06-30 15:20:58] dpid=s1 port=2 util=9.969/10.0 Mbps congested=True action=prioritize_dash
[2026-06-30 15:21:00] dpid=s1 port=2 util=9.991/10.0 Mbps congested=True action=prioritize_dash
[2026-07-01 17:25:03] dpid=00-00-00-00-00-01 port=2 util=4.548/10.0 Mbps congested=False action=monitor
[2026-07-01 17:25:05] dpid=00-00-00-00-00-01 port=2 util=9.984/10.0 Mbps congested=True action=monitor
[2026-07-01 17:25:07] dpid=00-00-00-00-00-01 port=2 util=9.983/10.0 Mbps congested=True action=monitor
[2026-07-01 17:25:09] dpid=00-00-00-00-00-01 port=2 util=9.987/10.0 Mbps congested=True action=monitor
[2026-07-01 17:25:11] dpid=00-00-00-00-00-01 port=2 util=9.980/10.0 Mbps congested=True action=monitor
[2026-07-01 17:25:13] dpid=00-00-00-00-00-01 port=2 util=9.975/10.0 Mbps congested=True action=monitor
[2026-07-01 17:25:15] dpid=00-00-00-00-00-01 port=2 util=9.979/10.0 Mbps congested=True action=monitor
[2026-07-01 17:25:17] dpid=00-00-00-00-00-01 port=2 util=9.972/10.0 Mbps congested=True action=monitor
[2026-07-01 17:25:19] dpid=00-00-00-00-00-01 port=2 util=9.969/10.0 Mbps congested=True action=monitor
[2026-07-01 17:25:21] dpid=00-00-00-00-00-01 port=2 util=9.969/10.0 Mbps congested=True action=monitor
[2026-07-01 17:25:23] dpid=00-00-00-00-00-01 port=2 util=9.969/10.0 Mbps congested=True action=monitor
[2026-07-01 17:25:25] dpid=00-00-00-00-00-01 port=2 util=9.972/10.0 Mbps congested=True action=monitor
[2026-07-01 17:25:27] dpid=00-00-00-00-00-01 port=2 util=9.964/10.0 Mbps congested=True action=monitor
[2026-07-01 17:25:29] dpid=00-00-00-00-00-01 port=2 util=9.964/10.0 Mbps congested=True action=monitor
[2026-07-01 17:25:31] dpid=00-00-00-00-00-01 port=2 util=9.977/10.0 Mbps congested=True action=monitor
[2026-07-01 17:25:33] dpid=00-00-00-00-00-01 port=2 util=9.967/10.0 Mbps congested=True action=monitor
[2026-07-01 17:25:35] dpid=00-00-00-00-00-01 port=2 util=9.968/10.0 Mbps congested=True action=monitor
[2026-07-01 17:25:37] dpid=00-00-00-00-00-01 port=2 util=9.973/10.0 Mbps congested=True action=monitor
[2026-07-01 17:25:39] dpid=00-00-00-00-00-01 port=2 util=9.970/10.0 Mbps congested=True action=monitor
[2026-07-01 17:25:41] dpid=00-00-00-00-00-01 port=2 util=9.963/10.0 Mbps congested=True action=monitor
[2026-07-01 17:25:43] dpid=00-00-00-00-00-01 port=2 util=9.966/10.0 Mbps congested=True action=monitor
[2026-07-01 17:25:45] dpid=00-00-00-00-00-01 port=2 util=9.978/10.0 Mbps congested=True action=monitor
[2026-07-01 17:25:47] dpid=00-00-00-00-00-01 port=2 util=9.958/10.0 Mbps congested=True action=monitor
[2026-07-01 17:25:49] dpid=00-00-00-00-00-01 port=2 util=9.974/10.0 Mbps congested=True action=monitor
[2026-07-01 17:25:51] dpid=00-00-00-00-00-01 port=2 util=9.970/10.0 Mbps congested=True action=monitor
[2026-07-01 17:25:53] dpid=00-00-00-00-00-01 port=2 util=9.974/10.0 Mbps congested=True action=monitor
[2026-07-01 17:25:55] dpid=00-00-00-00-00-01 port=2 util=9.968/10.0 Mbps congested=True action=monitor
[2026-07-01 17:25:57] dpid=00-00-00-00-00-01 port=2 util=9.966/10.0 Mbps congested=True action=monitor
[2026-07-01 17:25:59] dpid=00-00-00-00-00-01 port=2 util=9.970/10.0 Mbps congested=True action=monitor
[2026-07-01 17:26:01] dpid=00-00-00-00-00-01 port=2 util=9.972/10.0 Mbps congested=True action=monitor
[2026-07-01 17:26:03] dpid=00-00-00-00-00-01 port=2 util=9.970/10.0 Mbps congested=True action=monitor
[2026-07-01 17:26:05] dpid=00-00-00-00-00-01 port=2 util=9.960/10.0 Mbps congested=True action=monitor
[2026-07-01 17:26:07] dpid=00-00-00-00-00-01 port=2 util=9.976/10.0 Mbps congested=True action=monitor
[2026-07-01 17:26:09] dpid=00-00-00-00-00-01 port=2 util=9.973/10.0 Mbps congested=True action=monitor
[2026-07-01 17:26:11] dpid=00-00-00-00-00-01 port=2 util=9.969/10.0 Mbps congested=True action=monitor
[2026-07-01 17:26:13] dpid=00-00-00-00-00-01 port=2 util=9.967/10.0 Mbps congested=True action=monitor
[2026-07-01 17:26:15] dpid=00-00-00-00-00-01 port=2 util=9.971/10.0 Mbps congested=True action=monitor
[2026-07-01 17:26:23] dpid=00-00-00-00-00-01 port=2 util=9.353/10.0 Mbps congested=True action=prioritize_dash
[2026-07-01 17:26:25] dpid=00-00-00-00-00-01 port=2 util=9.975/10.0 Mbps congested=True action=prioritize_dash
[2026-07-01 17:26:27] dpid=00-00-00-00-00-01 port=2 util=2.759/10.0 Mbps congested=False action=monitor
[2026-07-01 17:26:29] dpid=00-00-00-00-00-01 port=2 util=9.460/10.0 Mbps congested=True action=prioritize_dash
[2026-07-01 17:26:31] dpid=00-00-00-00-00-01 port=2 util=3.088/10.0 Mbps congested=False action=monitor
[2026-07-01 17:26:33] dpid=00-00-00-00-00-01 port=2 util=9.343/10.0 Mbps congested=True action=prioritize_dash
[2026-07-01 17:26:35] dpid=00-00-00-00-00-01 port=2 util=9.928/10.0 Mbps congested=True action=prioritize_dash
[2026-07-01 17:26:37] dpid=00-00-00-00-00-01 port=2 util=9.949/10.0 Mbps congested=True action=prioritize_dash
[2026-07-01 17:26:39] dpid=00-00-00-00-00-01 port=2 util=9.983/10.0 Mbps congested=True action=prioritize_dash
[2026-07-01 17:26:41] dpid=00-00-00-00-00-01 port=2 util=9.982/10.0 Mbps congested=True action=prioritize_dash
[2026-07-01 17:26:43] dpid=00-00-00-00-00-01 port=2 util=9.981/10.0 Mbps congested=True action=prioritize_dash
[2026-07-01 17:26:45] dpid=00-00-00-00-00-01 port=2 util=9.983/10.0 Mbps congested=True action=prioritize_dash
[2026-07-01 17:26:47] dpid=00-00-00-00-00-01 port=2 util=9.977/10.0 Mbps congested=True action=prioritize_dash
[2026-07-01 17:26:49] dpid=00-00-00-00-00-01 port=2 util=9.974/10.0 Mbps congested=True action=prioritize_dash
[2026-07-01 17:26:51] dpid=00-00-00-00-00-01 port=2 util=9.980/10.0 Mbps congested=True action=prioritize_dash
[2026-07-01 17:26:53] dpid=00-00-00-00-00-01 port=2 util=9.987/10.0 Mbps congested=True action=prioritize_dash
[2026-07-01 17:26:55] dpid=00-00-00-00-00-01 port=2 util=9.971/10.0 Mbps congested=True action=prioritize_dash
[2026-07-01 17:57:52] dpid=00-00-00-00-00-01 port=2 util=9.725/10.0 Mbps congested=True action=monitor
[2026-07-01 17:57:54] dpid=00-00-00-00-00-01 port=2 util=9.953/10.0 Mbps congested=True action=monitor
[2026-07-01 17:57:56] dpid=00-00-00-00-00-01 port=2 util=9.952/10.0 Mbps congested=True action=monitor
[2026-07-01 17:57:58] dpid=00-00-00-00-00-01 port=2 util=9.962/10.0 Mbps congested=True action=monitor
[2026-07-01 17:58:00] dpid=00-00-00-00-00-01 port=2 util=9.953/10.0 Mbps congested=True action=monitor
[2026-07-01 17:58:02] dpid=00-00-00-00-00-01 port=2 util=9.938/10.0 Mbps congested=True action=monitor
[2026-07-01 17:58:04] dpid=00-00-00-00-00-01 port=2 util=9.922/10.0 Mbps congested=True action=monitor
[2026-07-01 17:58:06] dpid=00-00-00-00-00-01 port=2 util=9.922/10.0 Mbps congested=True action=monitor
[2026-07-01 17:58:08] dpid=00-00-00-00-00-01 port=2 util=9.920/10.0 Mbps congested=True action=monitor
[2026-07-01 17:58:10] dpid=00-00-00-00-00-01 port=2 util=9.921/10.0 Mbps congested=True action=monitor
[2026-07-01 17:58:12] dpid=00-00-00-00-00-01 port=2 util=9.922/10.0 Mbps congested=True action=monitor
[2026-07-01 17:58:14] dpid=00-00-00-00-00-01 port=2 util=9.922/10.0 Mbps congested=True action=monitor
[2026-07-01 17:58:16] dpid=00-00-00-00-00-01 port=2 util=9.923/10.0 Mbps congested=True action=monitor
[2026-07-01 17:58:18] dpid=00-00-00-00-00-01 port=2 util=9.917/10.0 Mbps congested=True action=monitor
[2026-07-01 17:58:20] dpid=00-00-00-00-00-01 port=2 util=9.924/10.0 Mbps congested=True action=monitor
[2026-07-01 17:58:22] dpid=00-00-00-00-00-01 port=2 util=9.918/10.0 Mbps congested=True action=monitor
[2026-07-01 17:58:24] dpid=00-00-00-00-00-01 port=2 util=9.921/10.0 Mbps congested=True action=monitor
[2026-07-01 17:58:26] dpid=00-00-00-00-00-01 port=2 util=9.925/10.0 Mbps congested=True action=monitor
[2026-07-01 17:58:28] dpid=00-00-00-00-00-01 port=2 util=9.921/10.0 Mbps congested=True action=monitor
[2026-07-01 17:58:30] dpid=00-00-00-00-00-01 port=2 util=9.919/10.0 Mbps congested=True action=monitor
[2026-07-01 17:58:32] dpid=00-00-00-00-00-01 port=2 util=9.920/10.0 Mbps congested=True action=monitor
[2026-07-01 17:58:34] dpid=00-00-00-00-00-01 port=2 util=9.920/10.0 Mbps congested=True action=monitor
[2026-07-01 17:58:36] dpid=00-00-00-00-00-01 port=2 util=9.919/10.0 Mbps congested=True action=monitor
[2026-07-01 17:58:38] dpid=00-00-00-00-00-01 port=2 util=9.911/10.0 Mbps congested=True action=monitor
[2026-07-01 17:58:40] dpid=00-00-00-00-00-01 port=2 util=9.916/10.0 Mbps congested=True action=monitor
[2026-07-01 17:58:42] dpid=00-00-00-00-00-01 port=2 util=9.928/10.0 Mbps congested=True action=monitor
[2026-07-01 17:58:44] dpid=00-00-00-00-00-01 port=2 util=9.921/10.0 Mbps congested=True action=monitor
[2026-07-01 17:58:46] dpid=00-00-00-00-00-01 port=2 util=9.921/10.0 Mbps congested=True action=monitor
[2026-07-01 17:58:48] dpid=00-00-00-00-00-01 port=2 util=9.917/10.0 Mbps congested=True action=monitor
[2026-07-01 17:58:50] dpid=00-00-00-00-00-01 port=2 util=9.924/10.0 Mbps congested=True action=monitor
[2026-07-01 17:58:52] dpid=00-00-00-00-00-01 port=2 util=9.920/10.0 Mbps congested=True action=monitor
[2026-07-01 17:58:54] dpid=00-00-00-00-00-01 port=2 util=9.918/10.0 Mbps congested=True action=monitor
[2026-07-01 17:58:56] dpid=00-00-00-00-00-01 port=2 util=9.930/10.0 Mbps congested=True action=monitor
[2026-07-01 17:58:58] dpid=00-00-00-00-00-01 port=2 util=9.923/10.0 Mbps congested=True action=monitor
[2026-07-01 17:59:00] dpid=00-00-00-00-00-01 port=2 util=9.919/10.0 Mbps congested=True action=monitor
[2026-07-01 17:59:02] dpid=00-00-00-00-00-01 port=2 util=9.922/10.0 Mbps congested=True action=monitor
[2026-07-01 17:59:04] dpid=00-00-00-00-00-01 port=2 util=9.917/10.0 Mbps congested=True action=monitor
[2026-07-01 17:59:06] dpid=00-00-00-00-00-01 port=2 util=9.920/10.0 Mbps congested=True action=monitor
[2026-07-01 17:59:08] dpid=00-00-00-00-00-01 port=2 util=9.924/10.0 Mbps congested=True action=monitor
[2026-07-01 17:59:10] dpid=00-00-00-00-00-01 port=2 util=9.921/10.0 Mbps congested=True action=monitor
[2026-07-01 17:59:12] dpid=00-00-00-00-00-01 port=2 util=9.923/10.0 Mbps congested=True action=monitor
[2026-07-01 17:59:14] dpid=00-00-00-00-00-01 port=2 util=9.920/10.0 Mbps congested=True action=monitor
[2026-07-01 17:59:16] dpid=00-00-00-00-00-01 port=2 util=9.911/10.0 Mbps congested=True action=monitor
[2026-07-01 17:59:18] dpid=00-00-00-00-00-01 port=2 util=9.934/10.0 Mbps congested=True action=monitor
[2026-07-01 17:59:20] dpid=00-00-00-00-00-01 port=2 util=9.918/10.0 Mbps congested=True action=monitor
[2026-07-01 17:59:22] dpid=00-00-00-00-00-01 port=2 util=9.928/10.0 Mbps congested=True action=monitor
[2026-07-01 17:59:24] dpid=00-00-00-00-00-01 port=2 util=9.920/10.0 Mbps congested=True action=monitor
[2026-07-01 17:59:26] dpid=00-00-00-00-00-01 port=2 util=9.923/10.0 Mbps congested=True action=monitor
[2026-07-01 17:59:28] dpid=00-00-00-00-00-01 port=2 util=9.927/10.0 Mbps congested=True action=monitor
[2026-07-01 17:59:30] dpid=00-00-00-00-00-01 port=2 util=9.919/10.0 Mbps congested=True action=monitor
[2026-07-01 17:59:32] dpid=00-00-00-00-00-01 port=2 util=9.929/10.0 Mbps congested=True action=monitor
[2026-07-01 17:59:34] dpid=00-00-00-00-00-01 port=2 util=9.922/10.0 Mbps congested=True action=monitor
[2026-07-01 17:59:36] dpid=00-00-00-00-00-01 port=2 util=9.919/10.0 Mbps congested=True action=monitor
[2026-07-01 17:59:38] dpid=00-00-00-00-00-01 port=2 util=9.928/10.0 Mbps congested=True action=monitor
[2026-07-01 17:59:40] dpid=00-00-00-00-00-01 port=2 util=9.926/10.0 Mbps congested=True action=monitor
[2026-07-01 17:59:42] dpid=00-00-00-00-00-01 port=2 util=9.921/10.0 Mbps congested=True action=monitor
[2026-07-01 17:59:44] dpid=00-00-00-00-00-01 port=2 util=9.924/10.0 Mbps congested=True action=monitor
[2026-07-01 17:59:46] dpid=00-00-00-00-00-01 port=2 util=9.920/10.0 Mbps congested=True action=monitor
[2026-07-01 17:59:48] dpid=00-00-00-00-00-01 port=2 util=9.925/10.0 Mbps congested=True action=monitor
[2026-07-01 17:59:50] dpid=00-00-00-00-00-01 port=2 util=9.924/10.0 Mbps congested=True action=monitor
[2026-07-01 17:59:52] dpid=00-00-00-00-00-01 port=2 util=9.946/10.0 Mbps congested=True action=monitor
[2026-07-01 17:59:58] dpid=00-00-00-00-00-01 port=2 util=3.895/10.0 Mbps congested=False action=monitor
[2026-07-01 18:00:00] dpid=00-00-00-00-00-01 port=2 util=10.005/10.0 Mbps congested=True action=prioritize_dash
[2026-07-01 18:00:02] dpid=00-00-00-00-00-01 port=2 util=7.046/10.0 Mbps congested=False action=monitor
[2026-07-01 18:00:04] dpid=00-00-00-00-00-01 port=2 util=5.137/10.0 Mbps congested=False action=monitor
[2026-07-01 18:00:06] dpid=00-00-00-00-00-01 port=2 util=7.243/10.0 Mbps congested=False action=monitor
[2026-07-01 18:00:08] dpid=00-00-00-00-00-01 port=2 util=4.995/10.0 Mbps congested=False action=monitor
[2026-07-01 18:00:10] dpid=00-00-00-00-00-01 port=2 util=9.960/10.0 Mbps congested=True action=prioritize_dash
[2026-07-01 18:00:12] dpid=00-00-00-00-00-01 port=2 util=9.990/10.0 Mbps congested=True action=prioritize_dash
[2026-07-01 18:00:14] dpid=00-00-00-00-00-01 port=2 util=9.997/10.0 Mbps congested=True action=prioritize_dash
[2026-07-01 18:00:16] dpid=00-00-00-00-00-01 port=2 util=10.002/10.0 Mbps congested=True action=prioritize_dash
[2026-07-01 18:00:18] dpid=00-00-00-00-00-01 port=2 util=9.983/10.0 Mbps congested=True action=prioritize_dash
[2026-07-01 18:00:20] dpid=00-00-00-00-00-01 port=2 util=9.986/10.0 Mbps congested=True action=prioritize_dash
[2026-07-01 18:00:22] dpid=00-00-00-00-00-01 port=2 util=9.983/10.0 Mbps congested=True action=prioritize_dash
[2026-07-01 18:00:24] dpid=00-00-00-00-00-01 port=2 util=9.986/10.0 Mbps congested=True action=prioritize_dash
[2026-07-01 18:00:26] dpid=00-00-00-00-00-01 port=2 util=9.999/10.0 Mbps congested=True action=prioritize_dash
[2026-07-01 18:00:28] dpid=00-00-00-00-00-01 port=2 util=9.987/10.0 Mbps congested=True action=prioritize_dash
[2026-07-01 18:00:30] dpid=00-00-00-00-00-01 port=2 util=9.980/10.0 Mbps congested=True action=prioritize_dash
[2026-07-01 18:00:32] dpid=00-00-00-00-00-01 port=2 util=9.986/10.0 Mbps congested=True action=prioritize_dash
